Base path: 'C:/Program Files/Unity/Hub/Editor/2019.4.14f1/Editor/Data', plugins path 'C:/Program Files/Unity/Hub/Editor/2019.4.14f1/Editor/Data/PlaybackEngines'
Cmd: initializeCompiler
Cmd: preprocessCompute
  insize=2132 outsize=2133 ok=1
Cmd: preprocessCompute
  insize=4649 outsize=4656 ok=1
Cmd: preprocessCompute
  insize=6666 outsize=6679 ok=1
Cmd: preprocessCompute
  insize=5176 outsize=5187 ok=1
Cmd: preprocess
  insize=1404 outsize=1531 ok=1
Cmd: preprocess
  insize=1407 outsize=287 ok=1
Cmd: preprocessCompute
  insize=10437 outsize=10442 ok=1
Cmd: preprocessCompute
  insize=2915 outsize=2916 ok=1
Cmd: preprocess
  insize=1710 outsize=1235 ok=1
Cmd: preprocessCompute
  insize=10909 outsize=10926 ok=1
Cmd: preprocess
  insize=1737 outsize=736 ok=1
Cmd: preprocessCompute
  insize=11991 outsize=12022 ok=1
Cmd: preprocessCompute
  insize=1937 outsize=1936 ok=1
Cmd: preprocess
  insize=1584 outsize=583 ok=1
Cmd: preprocessCompute
  insize=3668 outsize=3679 ok=1
Cmd: preprocess
  insize=516 outsize=1027 ok=1
Cmd: preprocessCompute
  insize=3501 outsize=3500 ok=1
Cmd: preprocess
  insize=1269 outsize=441 ok=1
Cmd: preprocessCompute
  insize=1213 outsize=1214 ok=1
Cmd: preprocessCompute
  insize=5008 outsize=5023 ok=1
